<?xml version="1.0" encoding="UTF-8"?>
<testng-results skipped="0" failed="1" total="3" passed="2">
  <reporter-output>
  </reporter-output>
  <suite name="Suite" duration-ms="136280" started-at="2017-07-14T14:54:37Z" finished-at="2017-07-14T14:56:54Z">
    <groups>
    </groups>
    <test name="SanityCheck" duration-ms="136280" started-at="2017-07-14T14:54:37Z" finished-at="2017-07-14T14:56:54Z">
      <class name="com.lrn.cat.tc.LogoutTC">
        <test-method status="PASS" signature="startWebDriver(java.lang.String)[pri:0, instance:com.lrn.cat.tc.LogoutTC@2fd1433e]" name="startWebDriver" is-config="true" duration-ms="8597" started-at="2017-07-14T20:24:37Z" finished-at="2017-07-14T20:24:46Z">
          <params>
            <param index="0">
              <value>
                <![CDATA[chrome]]>
              </value>
            </param>
          </params>
          <reporter-output>
          </reporter-output>
        </test-method> <!-- startWebDriver -->
        <test-method status="FAIL" signature="CatLogicTC()[pri:0, instance:com.lrn.cat.tc.LogoutTC@2fd1433e]" name="CatLogicTC" duration-ms="62720" started-at="2017-07-14T20:25:50Z" finished-at="2017-07-14T20:26:53Z">
          <exception class="java.lang.NullPointerException">
            <full-stacktrace>
              <![CDATA[java.lang.NullPointerException
	at com.lrn.webdrivercommon.WebAppCommon.waitForElementPresentByXpath(WebAppCommon.java:771)
	at com.lrn.webdrivercommon.WebAppCommon.clickIdentifierXpath(WebAppCommon.java:645)
	at com.lrn.cat.page.LogoutPage.logout(LogoutPage.java:14)
	at com.lrn.cat.tc.LogoutTC.CatLogicTC(LogoutTC.java:14)
	at sun.reflect.NativeMethodAccessorImpl.invoke0(Native Method)
	at sun.reflect.NativeMethodAccessorImpl.invoke(NativeMethodAccessorImpl.java:62)
	at sun.reflect.DelegatingMethodAccessorImpl.invoke(DelegatingMethodAccessorImpl.java:43)
	at java.lang.reflect.Method.invoke(Method.java:497)
	at org.testng.internal.MethodInvocationHelper.invokeMethod(MethodInvocationHelper.java:84)
	at org.testng.internal.Invoker.invokeMethod(Invoker.java:714)
	at org.testng.internal.Invoker.invokeTestMethod(Invoker.java:901)
	at org.testng.internal.Invoker.invokeTestMethods(Invoker.java:1231)
	at org.testng.internal.TestMethodWorker.invokeTestMethods(TestMethodWorker.java:127)
	at org.testng.internal.TestMethodWorker.run(TestMethodWorker.java:111)
	at org.testng.TestRunner.privateRun(TestRunner.java:767)
	at org.testng.TestRunner.run(TestRunner.java:617)
	at org.testng.SuiteRunner.runTest(SuiteRunner.java:334)
	at org.testng.SuiteRunner.runSequentially(SuiteRunner.java:329)
	at org.testng.SuiteRunner.privateRun(SuiteRunner.java:291)
	at org.testng.SuiteRunner.run(SuiteRunner.java:240)
	at org.testng.SuiteRunnerWorker.runSuite(SuiteRunnerWorker.java:52)
	at org.testng.SuiteRunnerWorker.run(SuiteRunnerWorker.java:86)
	at org.testng.TestNG.runSuitesSequentially(TestNG.java:1224)
	at org.testng.TestNG.runSuitesLocally(TestNG.java:1149)
	at org.testng.TestNG.run(TestNG.java:1057)
	at org.testng.remote.RemoteTestNG.run(RemoteTestNG.java:111)
	at org.testng.remote.RemoteTestNG.initAndRun(RemoteTestNG.java:204)
	at org.testng.remote.RemoteTestNG.main(RemoteTestNG.java:175)
]]>
            </full-stacktrace>
          </exception> <!-- java.lang.NullPointerException -->
          <reporter-output>
          </reporter-output>
        </test-method> <!-- CatLogicTC -->
        <test-method status="PASS" signature="updateResult(org.testng.ITestResult)[pri:0, instance:com.lrn.cat.tc.LogoutTC@2fd1433e]" name="updateResult" is-config="true" duration-ms="561" started-at="2017-07-14T20:26:53Z" finished-at="2017-07-14T20:26:54Z">
          <params>
            <param index="0">
              <value>
                <![CDATA[[TestResult name=CatLogicTC status=FAILURE method=LogoutTC.CatLogicTC()[pri:0, instance:com.lrn.cat.tc.LogoutTC@2fd1433e] output={null}]]]>
              </value>
            </param>
          </params>
          <reporter-output>
          </reporter-output>
        </test-method> <!-- updateResult -->
        <test-method status="FAIL" signature="endClass()[pri:0, instance:com.lrn.cat.tc.LogoutTC@2fd1433e]" name="endClass" is-config="true" duration-ms="0" started-at="2017-07-14T20:26:54Z" finished-at="2017-07-14T20:26:54Z">
          <exception class="java.lang.IllegalStateException">
            <message>
              <![CDATA[The driver executable does not exist: C:\github\CAT_automation\resource\drivers\chromedriver.exe]]>
            </message>
            <full-stacktrace>
              <![CDATA[java.lang.IllegalStateException: The driver executable does not exist: C:\github\CAT_automation\resource\drivers\chromedriver.exe
	at com.google.common.base.Preconditions.checkState(Preconditions.java:197)
	at org.openqa.selenium.remote.service.DriverService.checkExecutable(DriverService.java:121)
	at org.openqa.selenium.remote.service.DriverService.findExecutable(DriverService.java:116)
	at org.openqa.selenium.chrome.ChromeDriverService.access$000(ChromeDriverService.java:32)
	at org.openqa.selenium.chrome.ChromeDriverService$Builder.findDefaultExecutable(ChromeDriverService.java:137)
	at org.openqa.selenium.remote.service.DriverService$Builder.build(DriverService.java:290)
	at org.openqa.selenium.chrome.ChromeDriverService.createDefaultService(ChromeDriverService.java:88)
	at org.openqa.selenium.chrome.ChromeDriver.<init>(ChromeDriver.java:116)
	at com.lrn.cat.common.CATAppCommon.endClass(CATAppCommon.java:230)
	at sun.reflect.NativeMethodAccessorImpl.invoke0(Native Method)
	at sun.reflect.NativeMethodAccessorImpl.invoke(NativeMethodAccessorImpl.java:62)
	at sun.reflect.DelegatingMethodAccessorImpl.invoke(DelegatingMethodAccessorImpl.java:43)
	at java.lang.reflect.Method.invoke(Method.java:497)
	at org.testng.internal.MethodInvocationHelper.invokeMethod(MethodInvocationHelper.java:84)
	at org.testng.internal.Invoker.invokeConfigurationMethod(Invoker.java:564)
	at org.testng.internal.Invoker.invokeConfigurations(Invoker.java:213)
	at org.testng.internal.Invoker.invokeConfigurations(Invoker.java:138)
	at org.testng.TestRunner.afterRun(TestRunner.java:1014)
	at org.testng.TestRunner.run(TestRunner.java:621)
	at org.testng.SuiteRunner.runTest(SuiteRunner.java:334)
	at org.testng.SuiteRunner.runSequentially(SuiteRunner.java:329)
	at org.testng.SuiteRunner.privateRun(SuiteRunner.java:291)
	at org.testng.SuiteRunner.run(SuiteRunner.java:240)
	at org.testng.SuiteRunnerWorker.runSuite(SuiteRunnerWorker.java:52)
	at org.testng.SuiteRunnerWorker.run(SuiteRunnerWorker.java:86)
	at org.testng.TestNG.runSuitesSequentially(TestNG.java:1224)
	at org.testng.TestNG.runSuitesLocally(TestNG.java:1149)
	at org.testng.TestNG.run(TestNG.java:1057)
	at org.testng.remote.RemoteTestNG.run(RemoteTestNG.java:111)
	at org.testng.remote.RemoteTestNG.initAndRun(RemoteTestNG.java:204)
	at org.testng.remote.RemoteTestNG.main(RemoteTestNG.java:175)
]]>
            </full-stacktrace>
          </exception> <!-- java.lang.IllegalStateException -->
          <reporter-output>
          </reporter-output>
        </test-method> <!-- endClass -->
      </class> <!-- com.lrn.cat.tc.LogoutTC -->
      <class name="com.lrn.cat.tc.ModuleManagerTC">
        <test-method status="PASS" signature="searchModule()[pri:0, instance:com.lrn.cat.tc.ModuleManagerTC@1e683a3e]" name="searchModule" duration-ms="60283" started-at="2017-07-14T20:24:50Z" finished-at="2017-07-14T20:25:50Z">
          <reporter-output>
          </reporter-output>
        </test-method> <!-- searchModule -->
        <test-method status="PASS" signature="updateResult(org.testng.ITestResult)[pri:0, instance:com.lrn.cat.tc.ModuleManagerTC@1e683a3e]" name="updateResult" is-config="true" duration-ms="0" started-at="2017-07-14T20:25:50Z" finished-at="2017-07-14T20:25:50Z">
          <params>
            <param index="0">
              <value>
                <![CDATA[[TestResult name=searchModule status=SUCCESS method=ModuleManagerTC.searchModule()[pri:0, instance:com.lrn.cat.tc.ModuleManagerTC@1e683a3e] output={null}]]]>
              </value>
            </param>
          </params>
          <reporter-output>
          </reporter-output>
        </test-method> <!-- updateResult -->
      </class> <!-- com.lrn.cat.tc.ModuleManagerTC -->
      <class name="com.lrn.cat.tc.LCECLoginTC">
        <test-method status="PASS" signature="login()[pri:0, instance:com.lrn.cat.tc.LCECLoginTC@2053d869]" name="login" duration-ms="4070" started-at="2017-07-14T20:24:46Z" finished-at="2017-07-14T20:24:50Z">
          <reporter-output>
          </reporter-output>
        </test-method> <!-- login -->
        <test-method status="PASS" signature="updateResult(org.testng.ITestResult)[pri:0, instance:com.lrn.cat.tc.LCECLoginTC@2053d869]" name="updateResult" is-config="true" duration-ms="0" started-at="2017-07-14T20:24:50Z" finished-at="2017-07-14T20:24:50Z">
          <params>
            <param index="0">
              <value>
                <![CDATA[[TestResult name=login status=SUCCESS method=LCECLoginTC.login()[pri:0, instance:com.lrn.cat.tc.LCECLoginTC@2053d869] output={null}]]]>
              </value>
            </param>
          </params>
          <reporter-output>
          </reporter-output>
        </test-method> <!-- updateResult -->
      </class> <!-- com.lrn.cat.tc.LCECLoginTC -->
    </test> <!-- SanityCheck -->
  </suite> <!-- Suite -->
</testng-results>
